[tool] bash: pwd && printf '\n---\n' && rg -n "FastAPI|APIRouter|@app\.|@router\.|uptime|health" backend/coliseum -S
[tool] read
[tool] read
[tool] bash done
[tool] read done
[tool] read done
[tool] read
[tool] bash: rg -n "status_summary\(|started_at|startup|lifespan|health check|/health|/api/health" backend -S
[tool] read
[tool] read done
[tool] read done
[tool] bash done
[tool] bash: find backend/coliseum/api -maxdepth 2 -type f | sort
[tool] read
[tool] read
[tool] read done
[tool] read done
[tool] bash done
[tool] bash: find . -maxdepth 3 -type f | sed 's#^./##' | sort | rg 'frontend|app/|src/' -n
[tool] bash: rg -n 'daemon/status|pipeline/status|/health|api/health|healthz' . -S
[tool] bash done
[tool] bash done
[tool] bash: rg -n "app\.state\.|request\.app\.state" backend/coliseum -S
[tool] read
[tool] read
[tool] bash done
[tool] read done
[tool] read done
[tool] write
[tool] write done
{"
status
":
 "
complete
"}
[tool] bash: pwd && printf '\n---\n' && find backend -maxdepth 3 -type f | sort
[tool] bash: grep -R "FastAPI\|APIRouter\|@app\.get\|@router\.get\|lifespan\|startup" -n backend/coliseum 2>/dev/null
[tool] bash done
[tool] bash done
[tool] read
[tool] read
[tool] read
[tool] read
[tool] read done
[tool] read done
[tool] read done
[tool] read done
[tool] bash: grep -R "daemon_app\|app = _make_app\|uvicorn.run\|coliseum.api.server" -n backend/coliseum backend/README.md 2>/dev/nul
[tool] read
[tool] bash done
[tool] read done
[tool] read
[tool] bash: grep -R "health\|uptime" -n backend/README.md backend/docs backend/coliseum 2>/dev/null
[tool] bash done
[tool] read done
[tool] read
[tool] bash: grep -R "status_summary" -n backend/coliseum 2>/dev/null
[tool] read done
[tool] bash done
[tool] bash: find backend/tests -maxdepth 3 -type f | sort
[tool] bash: grep -R "TestClient\|httpx.AsyncClient\|/health\|api/health" -n backend/tests backend/coliseum 2>/dev/null
[tool] bash done
[tool] bash done
[tool] write
[tool] write done
{"status":"complete"}
