[tool] read
[tool] read
[tool] bash: git diff main
[tool] read done
[tool] read done
[tool] bash done
[tool] read
[tool] read done
[tool] read
[tool] read
[tool] bash: git diff main
[tool] read done
[tool] read done
[tool] bash done
[tool] read
[tool] read
[tool] read
[tool] read done
[tool] read done
[tool] read done
[tool] bash: git status --short
[tool] read
[tool] read done
[tool] bash done
[tool] read
[tool] read done
[tool] bash: git show main:backend/coliseum/api/server.py
[tool] bash: git show main:backend/README.md
[tool] bash: git show main:backend/docs/AUTONOMOUS_DESIGN.md
[tool] bash done
[tool] bash done
[tool] bash done
[tool] bash: cd backend && source venv/bin/activate && SUPABASE_DB_URL=postgresql://user:pass@localhost:5432/db python - <<'PY'
from 
[tool] bash FAILED
[tool] bash: cd backend && source venv/bin/activate && SUPABASE_DB_URL=postgresql+asyncpg://user:pass@localhost:5432/db python - <<'P
[tool] bash done
[tool] bash: cd backend && source venv/bin/activate && SUPABASE_DB_URL=postgresql+asyncpg://user:pass@localhost:5432/db python - <<'P
[tool] bash done
[tool] bash: git grep -n "@router.get(\"/health\"\|/api/health\|def health" -- backend/coliseum/api backend/README.md backend/docs/AU
[tool] bash done
[tool] write
[tool] write done
{"status": "complete"}
