[tool] read
[tool] read
[tool] read done
[tool] read done
#
 Plan
 to
 Add
 a
 Health
 Check
 Endpoint
 to
 Backend
 the



##
 Context


-
 The
 backend
 is
 built
 using
 **
Fast
API
**
 includes
 and
 several
 for
 managing
 endpoints
 trading
 and
 operations
 system
 monitoring
.

-
 The
 server
 code
 is
 located
 `
 in
backend
/
col
ise
um
/api
/server
.py
`.

-
 The
 environment
 is
 configured
 via
 `
col
ise
um
.config
.get
_settings
()`
 logs
 and
 are
 managed
 with
 `
col
ise
um
.ob
serv
ability
`.


##
 Approach


-
 Implement
 a
 new
 API
 endpoint
 that
 responds
 to
 health
 checks
 by
 returning
 server
 uptime
.

-
 Utilize
 the
 existing
 `
Col
ise
um
Daemon
`
 to
 track
 uptime
,
 as
 it
 appears
 linked
 to
 server
 operations
.


##
 Steps


1
.
 **
Determine
 Da
emon
 U
ptime
:
**

  
 -
 Inspect
 where
 `
Col
ise
Daemon
um
`
 tracks
 start
 time
 or
 uptime
.

  
 -
 Modify
 this
 to
 support
 retrieval
 of
 precise
 uptime
.


2
.
 **
Create
 U
ptime
 Calculation
:
**

  
 -
 Calculate
 server
 uptime
 using
 daemon
's
 start
 time
 within
 `
Col
ise
um
Daemon
`
 or
 an
 alternative
 tracking
 mechanism
.


3
.
 **
Define
 the
:
 Endpoint
  
**

 -
 Add
 a
 function
 `
_health
_status
get
`
 in
 `
server
.py
`.

  
 -
 Make
 this
 function
 calculate
 and
 uptime
 return
 it
 part
 as
 of
 the
 health
 status
.

  
 -
 Return
 JSON
 with
 at
 least
 `
status
:
 healthy
`
 and
 `
upt
ime
_seconds
`.


4
.
 **
Add
 Endpoint
 to
 Router
:
**

  
 -
 Register
 this
 function
 as
 a
 new
 `
GET
 /
api
/
health
`
 endpoint
 in
 the
 Fast
API
 router
.

    

.
5
 **
Test
:
**

  
 Man
 -
ually
 test
 new
 the
 health
 check
 endpoint
 using
 curl
 or
 Post
man
 to
 ensure
 correct
 uptime
 reporting
 and
 status
.


6
.
 **
Documentation
:
**

  
 -
 Ensure
 endpoint
 documentation
 is
 updated
 (
if
 exists
)
 to
 include
 this
 new
 endpoint
.


##
 Risks


-
 **
Dependency
 on
 Da
emon
:**
 If
 `
Col
ise
um
Daemon
`
 is
 not
 initialized
,
 uptime
 calculation
 might
 fail
.

-
 **
Time
 In
accuracy
:**
 proper
 Ensure
 sync
 and
 time
 precision
 to
 avoid
 drift
 or
 incorrect
 values
.


{"
status
":
 "
complete
"}
